<?xml version="1.0" encoding="UTF-8"?>
<!-- Generated by org.testng.reporters.JUnitXMLReporter -->
<testsuite ignored="2" hostname="ASHKOL" failures="0" tests="1" name="Default test" time="3.238" errors="0" timestamp="2025-07-26T16:26:13 IST">
  <testcase classname="Day1.CookiesandHeaders" name="getheaders" time="3.169"/>
  <testcase classname="Day1.CookiesandHeaders" name="checkHeaders" time="0.0">
    <ignored/>
  </testcase> <!-- checkHeaders -->
  <testcase classname="Day1.CookiesandHeaders" name="checkCookiesandHeaders" time="0.0">
    <ignored/>
  </testcase> <!-- checkCookiesandHeaders -->
</testsuite> <!-- Default test -->
