<?xml version="1.0" encoding="UTF-8"?>
<!-- Generated by org.testng.reporters.JUnitXMLReporter -->
<testsuite ignored="1" hostname="ASHKOL" failures="0" tests="1" name="Default test" time="4.261" errors="0" timestamp="2025-08-10T00:14:13 IST">
  <testcase classname="Day1.AuthorizationandAuthentication" name="createUser" time="4.148"/>
  <testcase classname="Day1.AuthorizationandAuthentication" name="checkBearerToken" time="0.0">
    <ignored/>
  </testcase> <!-- checkBearerToken -->
</testsuite> <!-- Default test -->
