<?xml version="1.0" encoding="UTF-8"?>
<!-- Generated by org.testng.reporters.JUnitXMLReporter -->
<testsuite ignored="0" hostname="ASHKOL" failures="0" tests="4" name="Test" time="8.256" errors="0" timestamp="2025-08-15T18:35:49 IST">
  <testcase classname="Day1.CRUD_Api_Chaining.CreateUser" name="createUser" time="4.667"/>
  <testcase classname="Day1.CRUD_Api_Chaining.UpdateUser" name="updateUser" time="1.269"/>
  <testcase classname="Day1.CRUD_Api_Chaining.GetUser" name="getUser" time="1.118"/>
  <testcase classname="Day1.CRUD_Api_Chaining.DeleteUser" name="deleteUser" time="1.122"/>
</testsuite> <!-- Test -->
