<?xml version="1.0" encoding="UTF-8"?>
<testng-results ignored="0" total="1" passed="1" failed="0" skipped="0">
  <reporter-output>
  </reporter-output>
  <suite started-at="2025-07-27T17:41:24 IST" name="Default suite" finished-at="2025-07-27T17:41:27 IST" duration-ms="2247">
    <groups>
    </groups>
    <test started-at="2025-07-27T17:41:24 IST" name="Default test" finished-at="2025-07-27T17:41:27 IST" duration-ms="2247">
      <class name="Day1.checkResponseData">
        <test-method signature="checkJSONData()[pri:0, instance:Day1.checkResponseData@3d51f06e]" started-at="2025-07-27T17:41:25 IST" name="checkJSONData" finished-at="2025-07-27T17:41:27 IST" duration-ms="2175" status="PASS">
          <reporter-output>
          </reporter-output>
        </test-method> <!-- checkJSONData -->
      </class> <!-- Day1.checkResponseData -->
    </test> <!-- Default test -->
  </suite> <!-- Default suite -->
</testng-results>
