<?xml version="1.0" encoding="UTF-8"?>
<testng-results ignored="0" total="1" passed="1" failed="0" skipped="0">
  <reporter-output>
  </reporter-output>
  <suite started-at="2025-07-26T22:54:06 IST" name="Default suite" finished-at="2025-07-26T22:54:09 IST" duration-ms="2220">
    <groups>
    </groups>
    <test started-at="2025-07-26T22:54:06 IST" name="Default test" finished-at="2025-07-26T22:54:09 IST" duration-ms="2220">
      <class name="Day1.checkResponseData">
        <test-method signature="checkJSON()[pri:0, instance:Day1.checkResponseData@481a996b]" started-at="2025-07-26T22:54:07 IST" name="checkJSON" finished-at="2025-07-26T22:54:09 IST" duration-ms="2148" status="PASS">
          <reporter-output>
          </reporter-output>
        </test-method> <!-- checkJSON -->
      </class> <!-- Day1.checkResponseData -->
    </test> <!-- Default test -->
  </suite> <!-- Default suite -->
</testng-results>
